{"/Users/admin/Documents/Industrialisation/ReactNativeSample2/index.android.js": {"path":"/Users/admin/Documents/Industrialisation/ReactNativeSample2/index.android.js","statementMap":{"0":{"start":{"line":7,"column":2},"end":{"line":9,"column":4}},"1":{"start":{"line":12,"column":0},"end":{"line":12,"column":76}},"2":{"start":{"line":12,"column":57},"end":{"line":12,"column":74}}},"fnMap":{"0":{"name":"ReactNativeSample","decl":{"start":{"line":6,"column":24},"end":{"line":6,"column":41}},"loc":{"start":{"line":6,"column":44},"end":{"line":10,"column":1}},"line":6},"1":{"name":"(anonymous_1)","decl":{"start":{"line":12,"column":51},"end":{"line":12,"column":52}},"loc":{"start":{"line":12,"column":57},"end":{"line":12,"column":74}},"line":12}},"branchMap":{},"s":{"0":1,"1":1,"2":0},"f":{"0":1,"1":0},"b":{},"_coverageSchema":"332fd63041d2c1bcb487cc26dd0d5f7d97098a6c","hash":"38ec303f2d90ff456d3884eec7b38d3a28ff3fa0"}
,"/Users/admin/Documents/Industrialisation/ReactNativeSample2/index.ios.js": {"path":"/Users/admin/Documents/Industrialisation/ReactNativeSample2/index.ios.js","statementMap":{"0":{"start":{"line":8,"column":2},"end":{"line":10,"column":4}},"1":{"start":{"line":13,"column":0},"end":{"line":13,"column":76}},"2":{"start":{"line":13,"column":57},"end":{"line":13,"column":74}}},"fnMap":{"0":{"name":"ReactNativeSample","decl":{"start":{"line":7,"column":24},"end":{"line":7,"column":41}},"loc":{"start":{"line":7,"column":44},"end":{"line":11,"column":1}},"line":7},"1":{"name":"(anonymous_1)","decl":{"start":{"line":13,"column":51},"end":{"line":13,"column":52}},"loc":{"start":{"line":13,"column":57},"end":{"line":13,"column":74}},"line":13}},"branchMap":{},"s":{"0":1,"1":1,"2":0},"f":{"0":1,"1":0},"b":{},"_coverageSchema":"332fd63041d2c1bcb487cc26dd0d5f7d97098a6c","hash":"e70690c4ba6204c4937219d32b68c9cb79e2d28f"}
,"/Users/admin/Documents/Industrialisation/ReactNativeSample2/config/jest/setup-files/index.js": {"path":"/Users/admin/Documents/Industrialisation/ReactNativeSample2/config/jest/setup-files/index.js","statementMap":{"0":{"start":{"line":15,"column":0},"end":{"line":21,"column":4}},"1":{"start":{"line":15,"column":28},"end":{"line":21,"column":1}},"2":{"start":{"line":20,"column":55},"end":{"line":20,"column":77}},"3":{"start":{"line":24,"column":0},"end":{"line":30,"column":3}},"4":{"start":{"line":25,"column":24},"end":{"line":25,"column":59}},"5":{"start":{"line":29,"column":2},"end":{"line":29,"column":20}},"6":{"start":{"line":35,"column":0},"end":{"line":35,"column":25}},"7":{"start":{"line":41,"column":0},"end":{"line":45,"column":2}},"8":{"start":{"line":42,"column":2},"end":{"line":44,"column":4}},"9":{"start":{"line":43,"column":10},"end":{"line":43,"column":72}},"10":{"start":{"line":43,"column":48},"end":{"line":43,"column":69}},"11":{"start":{"line":52,"column":0},"end":{"line":68,"column":2}},"12":{"start":{"line":53,"column":2},"end":{"line":67,"column":4}},"13":{"start":{"line":55,"column":6},"end":{"line":58,"column":7}},"14":{"start":{"line":57,"column":8},"end":{"line":57,"column":24}},"15":{"start":{"line":59,"column":6},"end":{"line":65,"column":9}},"16":{"start":{"line":64,"column":20},"end":{"line":64,"column":41}},"17":{"start":{"line":73,"column":0},"end":{"line":77,"column":2}},"18":{"start":{"line":74,"column":2},"end":{"line":76,"column":4}},"19":{"start":{"line":75,"column":10},"end":{"line":75,"column":31}}},"fnMap":{"0":{"name":"(anonymous_0)","decl":{"start":{"line":15,"column":21},"end":{"line":15,"column":22}},"loc":{"start":{"line":15,"column":28},"end":{"line":21,"column":1}},"line":15},"1":{"name":"(anonymous_1)","decl":{"start":{"line":20,"column":46},"end":{"line":20,"column":47}},"loc":{"start":{"line":20,"column":55},"end":{"line":20,"column":77}},"line":20},"2":{"name":"(anonymous_2)","decl":{"start":{"line":24,"column":24},"end":{"line":24,"column":25}},"loc":{"start":{"line":24,"column":30},"end":{"line":30,"column":1}},"line":24},"3":{"name":"(anonymous_3)","decl":{"start":{"line":27,"column":15},"end":{"line":27,"column":16}},"loc":{"start":{"line":27,"column":21},"end":{"line":27,"column":23}},"line":27},"4":{"name":"(anonymous_4)","decl":{"start":{"line":41,"column":35},"end":{"line":41,"column":36}},"loc":{"start":{"line":41,"column":64},"end":{"line":45,"column":1}},"line":41},"5":{"name":"(anonymous_5)","decl":{"start":{"line":43,"column":4},"end":{"line":43,"column":5}},"loc":{"start":{"line":43,"column":10},"end":{"line":43,"column":72}},"line":43},"6":{"name":"(anonymous_6)","decl":{"start":{"line":43,"column":42},"end":{"line":43,"column":43}},"loc":{"start":{"line":43,"column":48},"end":{"line":43,"column":69}},"line":43},"7":{"name":"(anonymous_7)","decl":{"start":{"line":52,"column":46},"end":{"line":52,"column":47}},"loc":{"start":{"line":52,"column":89},"end":{"line":68,"column":1}},"line":52},"8":{"name":"(anonymous_8)","decl":{"start":{"line":54,"column":4},"end":{"line":54,"column":5}},"loc":{"start":{"line":54,"column":10},"end":{"line":66,"column":5}},"line":54},"9":{"name":"(anonymous_9)","decl":{"start":{"line":64,"column":14},"end":{"line":64,"column":15}},"loc":{"start":{"line":64,"column":20},"end":{"line":64,"column":41}},"line":64},"10":{"name":"(anonymous_10)","decl":{"start":{"line":73,"column":35},"end":{"line":73,"column":36}},"loc":{"start":{"line":73,"column":46},"end":{"line":77,"column":1}},"line":73},"11":{"name":"(anonymous_11)","decl":{"start":{"line":75,"column":4},"end":{"line":75,"column":5}},"loc":{"start":{"line":75,"column":10},"end":{"line":75,"column":31}},"line":75}},"branchMap":{"0":{"loc":{"start":{"line":41,"column":36},"end":{"line":41,"column":45}},"type":"default-arg","locations":[{"start":{"line":41,"column":43},"end":{"line":41,"column":45}}],"line":41},"1":{"loc":{"start":{"line":41,"column":47},"end":{"line":41,"column":59}},"type":"default-arg","locations":[{"start":{"line":41,"column":56},"end":{"line":41,"column":59}}],"line":41},"2":{"loc":{"start":{"line":52,"column":47},"end":{"line":52,"column":56}},"type":"default-arg","locations":[{"start":{"line":52,"column":54},"end":{"line":52,"column":56}}],"line":52},"3":{"loc":{"start":{"line":52,"column":58},"end":{"line":52,"column":70}},"type":"default-arg","locations":[{"start":{"line":52,"column":68},"end":{"line":52,"column":70}}],"line":52},"4":{"loc":{"start":{"line":52,"column":72},"end":{"line":52,"column":84}},"type":"default-arg","locations":[{"start":{"line":52,"column":81},"end":{"line":52,"column":84}}],"line":52},"5":{"loc":{"start":{"line":55,"column":6},"end":{"line":58,"column":7}},"type":"if","locations":[{"start":{"line":55,"column":6},"end":{"line":58,"column":7}},{"start":{"line":55,"column":6},"end":{"line":58,"column":7}}],"line":55}},"s":{"0":3,"1":2,"2":2,"3":3,"4":0,"5":0,"6":3,"7":3,"8":0,"9":0,"10":0,"11":3,"12":0,"13":0,"14":0,"15":0,"16":0,"17":3,"18":0,"19":0},"f":{"0":2,"1":2,"2":0,"3":0,"4":0,"5":0,"6":0,"7":0,"8":0,"9":0,"10":0,"11":0},"b":{"0":[0],"1":[0],"2":[0],"3":[0],"4":[0],"5":[0,0]},"_coverageSchema":"332fd63041d2c1bcb487cc26dd0d5f7d97098a6c","hash":"61445eee4e5cc351ba726386d0248ecd20980db9"}
,"/Users/admin/Documents/Industrialisation/ReactNativeSample2/src/NavigationContainer.js": {"path":"/Users/admin/Documents/Industrialisation/ReactNativeSample2/src/NavigationContainer.js","statementMap":{"0":{"start":{"line":9,"column":29},"end":{"line":9,"column":31}},"1":{"start":{"line":11,"column":0},"end":{"line":13,"column":2}},"2":{"start":{"line":15,"column":0},"end":{"line":17,"column":2}},"3":{"start":{"line":19,"column":0},"end":{"line":21,"column":2}},"4":{"start":{"line":23,"column":0},"end":{"line":25,"column":2}},"5":{"start":{"line":27,"column":29},"end":{"line":29,"column":2}},"6":{"start":{"line":31,"column":21},"end":{"line":31,"column":45}}},"fnMap":{"0":{"name":"(anonymous_0)","decl":{"start":{"line":31,"column":15},"end":{"line":31,"column":16}},"loc":{"start":{"line":31,"column":21},"end":{"line":31,"column":45}},"line":31}},"branchMap":{},"s":{"0":2,"1":2,"2":2,"3":2,"4":2,"5":2,"6":2},"f":{"0":2},"b":{},"_coverageSchema":"332fd63041d2c1bcb487cc26dd0d5f7d97098a6c","hash":"c7609a354539880da5ca0545956063a9dfac6f50"}
,"/Users/admin/Documents/Industrialisation/ReactNativeSample2/src/components/Greeting.js": {"path":"/Users/admin/Documents/Industrialisation/ReactNativeSample2/src/components/Greeting.js","statementMap":{"0":{"start":{"line":4,"column":15},"end":{"line":8,"column":2}},"1":{"start":{"line":11,"column":2},"end":{"line":25,"column":4}},"2":{"start":{"line":17,"column":12},"end":{"line":19,"column":15}},"3":{"start":{"line":28,"column":0},"end":{"line":30,"column":2}},"4":{"start":{"line":32,"column":0},"end":{"line":35,"column":2}}},"fnMap":{"0":{"name":"Greeting","decl":{"start":{"line":10,"column":24},"end":{"line":10,"column":32}},"loc":{"start":{"line":10,"column":40},"end":{"line":26,"column":1}},"line":10},"1":{"name":"(anonymous_1)","decl":{"start":{"line":16,"column":19},"end":{"line":16,"column":20}},"loc":{"start":{"line":16,"column":25},"end":{"line":20,"column":11}},"line":16}},"branchMap":{},"s":{"0":2,"1":0,"2":0,"3":2,"4":2},"f":{"0":0,"1":0},"b":{},"_coverageSchema":"332fd63041d2c1bcb487cc26dd0d5f7d97098a6c","hash":"623ecb5ceadfdc849c077456cf958cd5e71d20e4"}
,"/Users/admin/Documents/Industrialisation/ReactNativeSample2/src/components/GreetingsList.js": {"path":"/Users/admin/Documents/Industrialisation/ReactNativeSample2/src/components/GreetingsList.js","statementMap":{"0":{"start":{"line":9,"column":4},"end":{"line":9,"column":59}},"1":{"start":{"line":13,"column":22},"end":{"line":14,"column":80}},"2":{"start":{"line":14,"column":6},"end":{"line":14,"column":78}},"3":{"start":{"line":15,"column":23},"end":{"line":15,"column":31}},"4":{"start":{"line":16,"column":4},"end":{"line":20,"column":6}},"5":{"start":{"line":24,"column":0},"end":{"line":26,"column":2}},"6":{"start":{"line":28,"column":0},"end":{"line":30,"column":2}}},"fnMap":{"0":{"name":"(anonymous_0)","decl":{"start":{"line":8,"column":2},"end":{"line":8,"column":3}},"loc":{"start":{"line":8,"column":19},"end":{"line":10,"column":3}},"line":8},"1":{"name":"(anonymous_1)","decl":{"start":{"line":12,"column":2},"end":{"line":12,"column":3}},"loc":{"start":{"line":12,"column":11},"end":{"line":21,"column":3}},"line":12},"2":{"name":"(anonymous_2)","decl":{"start":{"line":13,"column":46},"end":{"line":13,"column":47}},"loc":{"start":{"line":14,"column":6},"end":{"line":14,"column":78}},"line":14}},"branchMap":{},"s":{"0":0,"1":0,"2":0,"3":0,"4":0,"5":2,"6":2},"f":{"0":0,"1":0,"2":0},"b":{},"_coverageSchema":"332fd63041d2c1bcb487cc26dd0d5f7d97098a6c","hash":"b5f26caedb1171d246b438d095ed7e9a0850258f"}
,"/Users/admin/Documents/Industrialisation/ReactNativeSample2/src/components/Info.ios.js": {"path":"/Users/admin/Documents/Industrialisation/ReactNativeSample2/src/components/Info.ios.js","statementMap":{"0":{"start":{"line":4,"column":15},"end":{"line":4,"column":24}},"1":{"start":{"line":5,"column":15},"end":{"line":5,"column":24}},"2":{"start":{"line":6,"column":15},"end":{"line":23,"column":2}},"3":{"start":{"line":26,"column":2},"end":{"line":39,"column":4}}},"fnMap":{"0":{"name":"Info","decl":{"start":{"line":25,"column":24},"end":{"line":25,"column":28}},"loc":{"start":{"line":25,"column":31},"end":{"line":40,"column":1}},"line":25}},"branchMap":{},"s":{"0":2,"1":2,"2":2,"3":0},"f":{"0":0},"b":{},"_coverageSchema":"332fd63041d2c1bcb487cc26dd0d5f7d97098a6c","hash":"f41fd308c337cdea5a8f51ec075155026b29e8cb"}
,"/Users/admin/Documents/Industrialisation/ReactNativeSample2/src/components/SampleJsx.js": {"path":"/Users/admin/Documents/Industrialisation/ReactNativeSample2/src/components/SampleJsx.js","statementMap":{"0":{"start":{"line":4,"column":15},"end":{"line":4,"column":46}},"1":{"start":{"line":5,"column":15},"end":{"line":5,"column":46}},"2":{"start":{"line":6,"column":15},"end":{"line":6,"column":46}},"3":{"start":{"line":10,"column":4},"end":{"line":10,"column":29}},"4":{"start":{"line":13,"column":17},"end":{"line":20,"column":3}},"5":{"start":{"line":22,"column":2},"end":{"line":27,"column":4}}},"fnMap":{"0":{"name":"SampleJsx","decl":{"start":{"line":8,"column":24},"end":{"line":8,"column":33}},"loc":{"start":{"line":8,"column":36},"end":{"line":28,"column":1}},"line":8}},"branchMap":{},"s":{"0":2,"1":2,"2":2,"3":0,"4":0,"5":0},"f":{"0":0},"b":{},"_coverageSchema":"332fd63041d2c1bcb487cc26dd0d5f7d97098a6c","hash":"01196fb946c9687b9463fc68db03f41b39159814"}
,"/Users/admin/Documents/Industrialisation/ReactNativeSample2/src/components/SampleState.js": {"path":"/Users/admin/Documents/Industrialisation/ReactNativeSample2/src/components/SampleState.js","statementMap":{"0":{"start":{"line":4,"column":15},"end":{"line":4,"column":46}},"1":{"start":{"line":5,"column":15},"end":{"line":5,"column":46}},"2":{"start":{"line":6,"column":15},"end":{"line":6,"column":46}},"3":{"start":{"line":8,"column":13},"end":{"line":12,"column":1}},"4":{"start":{"line":14,"column":23},"end":{"line":14,"column":27}},"5":{"start":{"line":19,"column":4},"end":{"line":22,"column":7}},"6":{"start":{"line":26,"column":4},"end":{"line":26,"column":17}},"7":{"start":{"line":28,"column":4},"end":{"line":30,"column":6}},"8":{"start":{"line":32,"column":4},"end":{"line":32,"column":25}},"9":{"start":{"line":36,"column":4},"end":{"line":40,"column":6}},"10":{"start":{"line":44,"column":4},"end":{"line":49,"column":23}},"11":{"start":{"line":45,"column":16},"end":{"line":45,"column":39}},"12":{"start":{"line":46,"column":6},"end":{"line":46,"column":54}},"13":{"start":{"line":48,"column":6},"end":{"line":48,"column":43}},"14":{"start":{"line":53,"column":18},"end":{"line":53,"column":33}},"15":{"start":{"line":54,"column":4},"end":{"line":58,"column":6}}},"fnMap":{"0":{"name":"(anonymous_0)","decl":{"start":{"line":18,"column":2},"end":{"line":18,"column":3}},"loc":{"start":{"line":18,"column":25},"end":{"line":23,"column":3}},"line":18},"1":{"name":"(anonymous_1)","decl":{"start":{"line":25,"column":2},"end":{"line":25,"column":3}},"loc":{"start":{"line":25,"column":21},"end":{"line":33,"column":3}},"line":25},"2":{"name":"(anonymous_2)","decl":{"start":{"line":35,"column":2},"end":{"line":35,"column":3}},"loc":{"start":{"line":35,"column":13},"end":{"line":41,"column":3}},"line":35},"3":{"name":"(anonymous_3)","decl":{"start":{"line":43,"column":2},"end":{"line":43,"column":3}},"loc":{"start":{"line":43,"column":18},"end":{"line":50,"column":3}},"line":43},"4":{"name":"(anonymous_4)","decl":{"start":{"line":44,"column":16},"end":{"line":44,"column":17}},"loc":{"start":{"line":44,"column":22},"end":{"line":49,"column":5}},"line":44},"5":{"name":"(anonymous_5)","decl":{"start":{"line":52,"column":2},"end":{"line":52,"column":3}},"loc":{"start":{"line":52,"column":11},"end":{"line":59,"column":3}},"line":52}},"branchMap":{"0":{"loc":{"start":{"line":46,"column":12},"end":{"line":46,"column":53}},"type":"cond-expr","locations":[{"start":{"line":46,"column":42},"end":{"line":46,"column":43}},{"start":{"line":46,"column":46},"end":{"line":46,"column":53}}],"line":46}},"s":{"0":2,"1":2,"2":2,"3":2,"4":2,"5":0,"6":0,"7":0,"8":0,"9":0,"10":0,"11":0,"12":0,"13":0,"14":0,"15":0},"f":{"0":0,"1":0,"2":0,"3":0,"4":0,"5":0},"b":{"0":[0,0]},"_coverageSchema":"332fd63041d2c1bcb487cc26dd0d5f7d97098a6c","hash":"e43bf151a7050ce5d0cd0b8b154bd5119917d9bb"}
,"/Users/admin/Documents/Industrialisation/ReactNativeSample2/src/helpers/math.helper.js": {"path":"/Users/admin/Documents/Industrialisation/ReactNativeSample2/src/helpers/math.helper.js","statementMap":{"0":{"start":{"line":4,"column":2},"end":{"line":6,"column":3}},"1":{"start":{"line":5,"column":4},"end":{"line":5,"column":48}},"2":{"start":{"line":8,"column":2},"end":{"line":8,"column":27}},"3":{"start":{"line":12,"column":2},"end":{"line":14,"column":3}},"4":{"start":{"line":13,"column":4},"end":{"line":13,"column":48}},"5":{"start":{"line":16,"column":2},"end":{"line":16,"column":44}}},"fnMap":{"0":{"name":"sum","decl":{"start":{"line":3,"column":16},"end":{"line":3,"column":19}},"loc":{"start":{"line":3,"column":38},"end":{"line":9,"column":1}},"line":3},"1":{"name":"sumAsynchrone","decl":{"start":{"line":11,"column":16},"end":{"line":11,"column":29}},"loc":{"start":{"line":11,"column":48},"end":{"line":17,"column":1}},"line":11}},"branchMap":{"0":{"loc":{"start":{"line":4,"column":2},"end":{"line":6,"column":3}},"type":"if","locations":[{"start":{"line":4,"column":2},"end":{"line":6,"column":3}},{"start":{"line":4,"column":2},"end":{"line":6,"column":3}}],"line":4},"1":{"loc":{"start":{"line":4,"column":6},"end":{"line":4,"column":50}},"type":"binary-expr","locations":[{"start":{"line":4,"column":6},"end":{"line":4,"column":26}},{"start":{"line":4,"column":30},"end":{"line":4,"column":50}}],"line":4},"2":{"loc":{"start":{"line":12,"column":2},"end":{"line":14,"column":3}},"type":"if","locations":[{"start":{"line":12,"column":2},"end":{"line":14,"column":3}},{"start":{"line":12,"column":2},"end":{"line":14,"column":3}}],"line":12},"3":{"loc":{"start":{"line":12,"column":6},"end":{"line":12,"column":50}},"type":"binary-expr","locations":[{"start":{"line":12,"column":6},"end":{"line":12,"column":26}},{"start":{"line":12,"column":30},"end":{"line":12,"column":50}}],"line":12}},"s":{"0":3,"1":1,"2":2,"3":3,"4":1,"5":2},"f":{"0":3,"1":3},"b":{"0":[1,2],"1":[3,2],"2":[1,2],"3":[3,2]},"_coverageSchema":"332fd63041d2c1bcb487cc26dd0d5f7d97098a6c","hash":"12d5a50ec5621459c4bbb310071cbbd7adad4f86"}
,"/Users/admin/Documents/Industrialisation/ReactNativeSample2/src/screens/GreetingsScreen.js": {"path":"/Users/admin/Documents/Industrialisation/ReactNativeSample2/src/screens/GreetingsScreen.js","statementMap":{"0":{"start":{"line":5,"column":36},"end":{"line":5,"column":53}},"1":{"start":{"line":7,"column":15},"end":{"line":7,"column":21}},"2":{"start":{"line":9,"column":15},"end":{"line":25,"column":2}},"3":{"start":{"line":27,"column":20},"end":{"line":27,"column":36}},"4":{"start":{"line":36,"column":4},"end":{"line":36,"column":17}},"5":{"start":{"line":37,"column":4},"end":{"line":44,"column":6}},"6":{"start":{"line":46,"column":4},"end":{"line":46,"column":43}},"7":{"start":{"line":50,"column":4},"end":{"line":52,"column":7}},"8":{"start":{"line":56,"column":4},"end":{"line":73,"column":6}},"9":{"start":{"line":62,"column":34},"end":{"line":62,"column":66}}},"fnMap":{"0":{"name":"(anonymous_0)","decl":{"start":{"line":35,"column":2},"end":{"line":35,"column":3}},"loc":{"start":{"line":35,"column":21},"end":{"line":47,"column":3}},"line":35},"1":{"name":"(anonymous_1)","decl":{"start":{"line":49,"column":2},"end":{"line":49,"column":3}},"loc":{"start":{"line":49,"column":12},"end":{"line":53,"column":3}},"line":49},"2":{"name":"(anonymous_2)","decl":{"start":{"line":55,"column":2},"end":{"line":55,"column":3}},"loc":{"start":{"line":55,"column":11},"end":{"line":74,"column":3}},"line":55},"3":{"name":"(anonymous_3)","decl":{"start":{"line":62,"column":26},"end":{"line":62,"column":27}},"loc":{"start":{"line":62,"column":34},"end":{"line":62,"column":66}},"line":62}},"branchMap":{},"s":{"0":2,"1":2,"2":2,"3":2,"4":0,"5":0,"6":0,"7":0,"8":0,"9":0},"f":{"0":0,"1":0,"2":0,"3":0},"b":{},"_coverageSchema":"332fd63041d2c1bcb487cc26dd0d5f7d97098a6c","hash":"f65171715c50e1f52a7d3c315c588c332b479867"}
,"/Users/admin/Documents/Industrialisation/ReactNativeSample2/src/screens/HomeScreen.js": {"path":"/Users/admin/Documents/Industrialisation/ReactNativeSample2/src/screens/HomeScreen.js","statementMap":{"0":{"start":{"line":16,"column":31},"end":{"line":16,"column":43}},"1":{"start":{"line":18,"column":15},"end":{"line":22,"column":2}},"2":{"start":{"line":31,"column":4},"end":{"line":31,"column":17}},"3":{"start":{"line":33,"column":4},"end":{"line":33,"column":51}},"4":{"start":{"line":35,"column":4},"end":{"line":35,"column":67}},"5":{"start":{"line":36,"column":4},"end":{"line":36,"column":55}},"6":{"start":{"line":37,"column":4},"end":{"line":37,"column":59}},"7":{"start":{"line":41,"column":4},"end":{"line":41,"column":40}},"8":{"start":{"line":45,"column":4},"end":{"line":45,"column":34}},"9":{"start":{"line":49,"column":4},"end":{"line":49,"column":36}},"10":{"start":{"line":53,"column":4},"end":{"line":76,"column":6}},"11":{"start":{"line":80,"column":0},"end":{"line":82,"column":2}}},"fnMap":{"0":{"name":"(anonymous_0)","decl":{"start":{"line":30,"column":2},"end":{"line":30,"column":3}},"loc":{"start":{"line":30,"column":21},"end":{"line":38,"column":3}},"line":30},"1":{"name":"(anonymous_1)","decl":{"start":{"line":40,"column":2},"end":{"line":40,"column":3}},"loc":{"start":{"line":40,"column":24},"end":{"line":42,"column":3}},"line":40},"2":{"name":"(anonymous_2)","decl":{"start":{"line":44,"column":2},"end":{"line":44,"column":3}},"loc":{"start":{"line":44,"column":18},"end":{"line":46,"column":3}},"line":44},"3":{"name":"(anonymous_3)","decl":{"start":{"line":48,"column":2},"end":{"line":48,"column":3}},"loc":{"start":{"line":48,"column":20},"end":{"line":50,"column":3}},"line":48},"4":{"name":"(anonymous_4)","decl":{"start":{"line":52,"column":2},"end":{"line":52,"column":3}},"loc":{"start":{"line":52,"column":11},"end":{"line":77,"column":3}},"line":52}},"branchMap":{},"s":{"0":2,"1":2,"2":2,"3":2,"4":2,"5":2,"6":2,"7":0,"8":0,"9":0,"10":2,"11":2},"f":{"0":2,"1":0,"2":0,"3":0,"4":2},"b":{},"_coverageSchema":"332fd63041d2c1bcb487cc26dd0d5f7d97098a6c","hash":"e8749dc092d06961119af6a71773e4ed7c9954ae"}
,"/Users/admin/Documents/Industrialisation/ReactNativeSample2/src/screens/JsxScreen.js": {"path":"/Users/admin/Documents/Industrialisation/ReactNativeSample2/src/screens/JsxScreen.js","statementMap":{"0":{"start":{"line":4,"column":30},"end":{"line":4,"column":41}},"1":{"start":{"line":13,"column":4},"end":{"line":15,"column":6}}},"fnMap":{"0":{"name":"(anonymous_0)","decl":{"start":{"line":12,"column":2},"end":{"line":12,"column":3}},"loc":{"start":{"line":12,"column":11},"end":{"line":16,"column":3}},"line":12}},"branchMap":{},"s":{"0":2,"1":0},"f":{"0":0},"b":{},"_coverageSchema":"332fd63041d2c1bcb487cc26dd0d5f7d97098a6c","hash":"73b42e965560978938a3e26ac91504583e13f9b1"}
,"/Users/admin/Documents/Industrialisation/ReactNativeSample2/src/screens/StateScreen.js": {"path":"/Users/admin/Documents/Industrialisation/ReactNativeSample2/src/screens/StateScreen.js","statementMap":{"0":{"start":{"line":4,"column":32},"end":{"line":4,"column":45}},"1":{"start":{"line":13,"column":4},"end":{"line":15,"column":6}}},"fnMap":{"0":{"name":"(anonymous_0)","decl":{"start":{"line":12,"column":2},"end":{"line":12,"column":3}},"loc":{"start":{"line":12,"column":11},"end":{"line":16,"column":3}},"line":12}},"branchMap":{},"s":{"0":2,"1":0},"f":{"0":0},"b":{},"_coverageSchema":"332fd63041d2c1bcb487cc26dd0d5f7d97098a6c","hash":"f3daffd646551d4acb973472d82fb20de6d59a4c"}
}
